2026-04-18 17:43:56 === Starting Goal 3 Stage 3 ===
[17:43:57] Device: cuda
============================================================
GOAL 3 STAGE 3: REVIVAL-SUBSPACE PROJECTION
============================================================
Checkpoints: 55

  [1/55] as/w5/S2 (L*=0.3631, lambda_min=-2.2729)
      CACHED: revival_dim=0, lambda_min_rev=nan

  [2/55] as/w5/S1 (L*=0.3745, lambda_min=-9.5725)
      CACHED: revival_dim=0, lambda_min_rev=nan

  [3/55] as/w5/S0 (L*=0.4177, lambda_min=-4.3458)
      CACHED: revival_dim=0, lambda_min_rev=nan

  [4/55] as/w5/S14 (L*=0.6271, lambda_min=-1.7546)
      CACHED: revival_dim=0, lambda_min_rev=nan

  [5/55] as/w5/S24 (L*=0.6359, lambda_min=-2.2687)
      CACHED: revival_dim=0, lambda_min_rev=nan

  [6/55] as/w5/S014 (L*=0.6361, lambda_min=-3.7570)
      CACHED: revival_dim=0, lambda_min_rev=nan

  [7/55] as/w5/S03 (L*=0.6368, lambda_min=-1.7137)
      [17:43:57] Sampling 200 random directions...
      [17:44:01] 50/200 dirs, 0 revival so far
      [17:44:04] 100/200 dirs, 0 revival so far
      [17:44:08] 150/200 dirs, 0 revival so far
      [17:44:11] 200/200 dirs, 0 revival so far
      Revival dim=0 < 2, skipping projected Lanczos

  [8/55] as/w5/S23 (L*=1.4018, lambda_min=-6.2973)
      [17:44:11] Sampling 200 random directions...
      [17:44:14] 50/200 dirs, 0 revival so far
      [17:44:18] 100/200 dirs, 0 revival so far
      [17:44:21] 150/200 dirs, 0 revival so far
      [17:44:24] 200/200 dirs, 0 revival so far
      Revival dim=0 < 2, skipping projected Lanczos

  [9/55] as/w5/S1234 (L*=1.4561, lambda_min=-2.5741)
      [17:44:24] Sampling 200 random directions...
      [17:44:28] 50/200 dirs, 0 revival so far
      [17:44:31] 100/200 dirs, 0 revival so far
      [17:44:34] 150/200 dirs, 0 revival so far
      [17:44:37] 200/200 dirs, 0 revival so far
      Revival dim=0 < 2, skipping projected Lanczos

  [10/55] as/w5/S023 (L*=1.5055, lambda_min=-2.2991)
      [17:44:38] Sampling 200 random directions...
      [17:44:41] 50/200 dirs, 0 revival so far
      [17:44:44] 100/200 dirs, 0 revival so far
      [17:44:47] 150/200 dirs, 0 revival so far
      [17:44:51] 200/200 dirs, 0 revival so far
      Revival dim=0 < 2, skipping projected Lanczos

  [11/55] asbs/w5/S4 (L*=0.3734, lambda_min=-38.1807)
      [17:44:51] Sampling 200 random directions...
      [17:44:54] 50/200 dirs, 0 revival so far
      [17:44:57] 100/200 dirs, 0 revival so far
      [17:45:01] 150/200 dirs, 0 revival so far
      [17:45:04] 200/200 dirs, 0 revival so far
      Revival dim=0 < 2, skipping projected Lanczos

  [12/55] asbs/w5/S3 (L*=0.3902, lambda_min=-31.3893)
      [17:45:04] Sampling 200 random directions...
      [17:45:07] 50/200 dirs, 0 revival so far
      [17:45:11] 100/200 dirs, 0 revival so far
      [17:45:14] 150/200 dirs, 0 revival so far
      [17:45:17] 200/200 dirs, 0 revival so far
      Revival dim=0 < 2, skipping projected Lanczos

  [13/55] asbs/w5/S2 (L*=0.3971, lambda_min=-32.0906)
      [17:45:17] Sampling 200 random directions...
      [17:45:21] 50/200 dirs, 0 revival so far
      [17:45:24] 100/200 dirs, 0 revival so far
      [17:45:27] 150/200 dirs, 0 revival so far
      [17:45:31] 200/200 dirs, 0 revival so far
      Revival dim=0 < 2, skipping projected Lanczos

  [14/55] asbs/w5/S012 (L*=0.5911, lambda_min=-16.0058)
      [17:45:31] Sampling 200 random directions...
      [17:45:34] 50/200 dirs, 0 revival so far
      [17:45:37] 100/200 dirs, 0 revival so far
      [17:45:41] 150/200 dirs, 0 revival so far
      [17:45:44] 200/200 dirs, 0 revival so far
      Revival dim=0 < 2, skipping projected Lanczos

  [15/55] asbs/w5/S014 (L*=0.5947, lambda_min=-19.5982)
      [17:45:44] Sampling 200 random directions...
      [17:45:48] 50/200 dirs, 0 revival so far
      [17:45:51] 100/200 dirs, 0 revival so far
      [17:45:55] 150/200 dirs, 0 revival so far
      [17:45:58] 200/200 dirs, 0 revival so far
      Revival dim=0 < 2, skipping projected Lanczos

  [16/55] asbs/w5/S0134 (L*=0.6064, lambda_min=-13.0394)
      [17:45:58] Sampling 200 random directions...
      [17:46:01] 50/200 dirs, 0 revival so far
      [17:46:05] 100/200 dirs, 0 revival so far
      [17:46:08] 150/200 dirs, 0 revival so far
      [17:46:11] 200/200 dirs, 0 revival so far
      Revival dim=0 < 2, skipping projected Lanczos

  [17/55] asbs/w5/S04 (L*=0.6421, lambda_min=-35.5486)
      [17:46:11] Sampling 200 random directions...
      [17:46:15] 50/200 dirs, 0 revival so far
      [17:46:18] 100/200 dirs, 0 revival so far
      [17:46:21] 150/200 dirs, 0 revival so far
      [17:46:25] 200/200 dirs, 0 revival so far
      Revival dim=0 < 2, skipping projected Lanczos

  [18/55] asbs/w5/S0234 (L*=1.1900, lambda_min=-17.2509)
      [17:46:25] Sampling 200 random directions...
      [17:46:28] 50/200 dirs, 0 revival so far
      [17:46:31] 100/200 dirs, 0 revival so far
      [17:46:35] 150/200 dirs, 0 revival so far
      [17:46:38] 200/200 dirs, 0 revival so far
      Revival dim=0 < 2, skipping projected Lanczos

  [19/55] asbs/w5/S1234 (L*=1.2080, lambda_min=-16.1048)
      [17:46:38] Sampling 200 random directions...
      [17:46:41] 50/200 dirs, 0 revival so far
      [17:46:45] 100/200 dirs, 0 revival so far
      [17:46:48] 150/200 dirs, 0 revival so far
      [17:46:51] 200/200 dirs, 0 revival so far
      Revival dim=0 < 2, skipping projected Lanczos

  [20/55] asbs/w5/S23 (L*=2.1536, lambda_min=-43.1008)
      [17:46:51] Sampling 200 random directions...
      [17:46:55] 50/200 dirs, 0 revival so far
      [17:46:58] 100/200 dirs, 0 revival so far
      [17:47:01] 150/200 dirs, 0 revival so far
      [17:47:05] 200/200 dirs, 0 revival so far
      Revival dim=0 < 2, skipping projected Lanczos

  [21/55] as/c5/S2 (L*=0.3631, lambda_min=-2.3716)
      [17:47:05] Sampling 200 random directions...
      [17:47:08] 50/200 dirs, 0 revival so far
      [17:47:11] 100/200 dirs, 0 revival so far
      [17:47:15] 150/200 dirs, 0 revival so far
      [17:47:18] 200/200 dirs, 0 revival so far
      Revival dim=0 < 2, skipping projected Lanczos

  [22/55] as/c5/S1 (L*=0.3745, lambda_min=-9.5667)
      [17:47:18] Sampling 200 random directions...
      [17:47:21] 50/200 dirs, 0 revival so far
      [17:47:25] 100/200 dirs, 0 revival so far
      [17:47:28] 150/200 dirs, 0 revival so far
      [17:47:31] 200/200 dirs, 0 revival so far
      Revival dim=0 < 2, skipping projected Lanczos

  [23/55] as/c5/S0 (L*=0.4177, lambda_min=-4.6642)
      [17:47:31] Sampling 200 random directions...
      [17:47:35] 50/200 dirs, 0 revival so far
      [17:47:38] 100/200 dirs, 0 revival so far
      [17:47:42] 150/200 dirs, 0 revival so far
      [17:47:45] 200/200 dirs, 0 revival so far
      Revival dim=0 < 2, skipping projected Lanczos

  [24/55] as/c5/S013 (L*=0.5924, lambda_min=-3.9054)
      [17:47:45] Sampling 200 random directions...
      [17:47:48] 50/200 dirs, 0 revival so far
      [17:47:52] 100/200 dirs, 0 revival so far
      [17:47:55] 150/200 dirs, 0 revival so far
      [17:47:58] 200/200 dirs, 0 revival so far
      Revival dim=0 < 2, skipping projected Lanczos

  [25/55] as/c5/S123 (L*=0.5930, lambda_min=-1.1953)
      [17:47:58] Sampling 200 random directions...
      [17:48:02] 50/200 dirs, 0 revival so far
      [17:48:05] 100/200 dirs, 0 revival so far
      [17:48:09] 150/200 dirs, 0 revival so far
      [17:48:12] 200/200 dirs, 0 revival so far
      Revival dim=0 < 2, skipping projected Lanczos

  [26/55] as/c5/S014 (L*=0.5933, lambda_min=-6.7096)
      [17:48:12] Sampling 200 random directions...
      [17:48:15] 50/200 dirs, 0 revival so far
      [17:48:19] 100/200 dirs, 0 revival so far
      [17:48:22] 150/200 dirs, 0 revival so far
      [17:48:25] 200/200 dirs, 0 revival so far
      Revival dim=0 < 2, skipping projected Lanczos

  [27/55] as/c5/S1234 (L*=0.5936, lambda_min=-1.0404)
      [17:48:25] Sampling 200 random directions...
      [17:48:29] 50/200 dirs, 0 revival so far
      [17:48:32] 100/200 dirs, 0 revival so far
      [17:48:35] 150/200 dirs, 0 revival so far
      [17:48:39] 200/200 dirs, 0 revival so far
      Revival dim=0 < 2, skipping projected Lanczos

  [28/55] as/c5/S4 (L*=51.4177, lambda_min=-351.6991)
      [17:48:39] Sampling 200 random directions...
      [17:48:42] 50/200 dirs, 0 revival so far
      [17:48:45] 100/200 dirs, 0 revival so far
      [17:48:49] 150/200 dirs, 0 revival so far
      [17:48:52] 200/200 dirs, 0 revival so far
      Revival dim=0 < 2, skipping projected Lanczos

  [29/55] as/c5/S3 (L*=89.9712, lambda_min=-162.7525)
      [17:48:52] Sampling 200 random directions...
      [17:48:56] 50/200 dirs, 0 revival so far
      [17:48:59] 100/200 dirs, 0 revival so far
      [17:49:02] 150/200 dirs, 0 revival so far
      [17:49:06] 200/200 dirs, 0 revival so far
      Revival dim=0 < 2, skipping projected Lanczos

  [30/55] as/c5/S34 (L*=1570.8945, lambda_min=-306.8571)
      [17:49:06] Sampling 200 random directions...
      [17:49:09] 50/200 dirs, 0 revival so far
      [17:49:13] 100/200 dirs, 0 revival so far
      [17:49:16] 150/200 dirs, 0 revival so far
      [17:49:19] 200/200 dirs, 0 revival so far
      Revival dim=0 < 2, skipping projected Lanczos

  [31/55] asbs/c5/S2 (L*=0.3971, lambda_min=-32.2149)
      [17:49:20] Sampling 200 random directions...
      [17:49:23] 50/200 dirs, 0 revival so far
      [17:49:26] 100/200 dirs, 0 revival so far
      [17:49:30] 150/200 dirs, 0 revival so far
      [17:49:33] 200/200 dirs, 0 revival so far
      Revival dim=0 < 2, skipping projected Lanczos

  [32/55] asbs/c5/S1 (L*=0.4184, lambda_min=-41.5231)
      [17:49:33] Sampling 200 random directions...
      [17:49:37] 50/200 dirs, 0 revival so far
      [17:49:40] 100/200 dirs, 0 revival so far
      [17:49:43] 150/200 dirs, 0 revival so far
      [17:49:47] 200/200 dirs, 0 revival so far
      Revival dim=0 < 2, skipping projected Lanczos

  [33/55] asbs/c5/S0 (L*=0.4248, lambda_min=-40.9878)
      [17:49:47] Sampling 200 random directions...
      [17:49:50] 50/200 dirs, 0 revival so far
      [17:49:54] 100/200 dirs, 0 revival so far
      [17:49:57] 150/200 dirs, 0 revival so far
      [17:50:01] 200/200 dirs, 0 revival so far
      Revival dim=0 < 2, skipping projected Lanczos

  [34/55] asbs/c5/S1234 (L*=0.5420, lambda_min=-28.6497)
      [17:50:01] Sampling 200 random directions...
      [17:50:04] 50/200 dirs, 0 revival so far
      [17:50:07] 100/200 dirs, 0 revival so far
      [17:50:11] 150/200 dirs, 0 revival so far
      [17:50:14] 200/200 dirs, 0 revival so far
      Revival dim=0 < 2, skipping projected Lanczos

  [35/55] asbs/c5/S124 (L*=0.5435, lambda_min=-25.2118)
      [17:50:14] Sampling 200 random directions...
      [17:50:18] 50/200 dirs, 0 revival so far
      [17:50:21] 100/200 dirs, 0 revival so far
      [17:50:24] 150/200 dirs, 0 revival so far
      [17:50:28] 200/200 dirs, 0 revival so far
      Revival dim=0 < 2, skipping projected Lanczos

  [36/55] asbs/c5/S12 (L*=0.5683, lambda_min=-29.8599)
      [17:50:28] Sampling 200 random directions...
      [17:50:31] 50/200 dirs, 0 revival so far
      [17:50:35] 100/200 dirs, 0 revival so far
      [17:50:38] 150/200 dirs, 0 revival so far
      [17:50:41] 200/200 dirs, 0 revival so far
      Revival dim=0 < 2, skipping projected Lanczos

  [37/55] asbs/c5/S0123 (L*=0.5798, lambda_min=-14.5607)
      [17:50:41] Sampling 200 random directions...
      [17:50:45] 50/200 dirs, 0 revival so far
      [17:50:48] 100/200 dirs, 0 revival so far
      [17:50:51] 150/200 dirs, 0 revival so far
      [17:50:55] 200/200 dirs, 0 revival so far
      Revival dim=0 < 2, skipping projected Lanczos

  [38/55] asbs/c5/S34 (L*=50.0355, lambda_min=-247.9976)
      [17:50:55] Sampling 200 random directions...
      [17:50:58] 50/200 dirs, 0 revival so far
      [17:51:02] 100/200 dirs, 0 revival so far
      [17:51:05] 150/200 dirs, 0 revival so far
      [17:51:09] 200/200 dirs, 0 revival so far
      Revival dim=0 < 2, skipping projected Lanczos

  [39/55] asbs/c5/S4 (L*=51.1068, lambda_min=-133.0177)
      [17:51:09] Sampling 200 random directions...
      [17:51:12] 50/200 dirs, 0 revival so far
      [17:51:15] 100/200 dirs, 0 revival so far
      [17:51:19] 150/200 dirs, 0 revival so far
      [17:51:22] 200/200 dirs, 0 revival so far
      Revival dim=0 < 2, skipping projected Lanczos

  [40/55] asbs/c5/S3 (L*=90.8883, lambda_min=-99.2648)
      [17:51:22] Sampling 200 random directions...
      [17:51:26] 50/200 dirs, 0 revival so far
      [17:51:29] 100/200 dirs, 0 revival so far
      [17:51:32] 150/200 dirs, 0 revival so far
      [17:51:36] 200/200 dirs, 0 revival so far
      Revival dim=0 < 2, skipping projected Lanczos

  [41/55] as/b5/S3 (L*=0.4332, lambda_min=-2.5643)
      [17:51:36] Sampling 200 random directions...
      [17:51:39] 50/200 dirs, 0 revival so far
      [17:51:42] 100/200 dirs, 0 revival so far
      [17:51:46] 150/200 dirs, 0 revival so far
      [17:51:49] 200/200 dirs, 0 revival so far
      Revival dim=0 < 2, skipping projected Lanczos

  [42/55] as/b5/S12 (L*=0.4202, lambda_min=-1.1417)
      [17:51:49] Sampling 200 random directions...
      [17:51:53] 50/200 dirs, 0 revival so far
      [17:51:56] 100/200 dirs, 0 revival so far
      [17:51:59] 150/200 dirs, 0 revival so far
      [17:52:03] 200/200 dirs, 0 revival so far
      Revival dim=0 < 2, skipping projected Lanczos

  [43/55] as/b5/S124 (L*=0.4247, lambda_min=-1.1039)
      [17:52:03] Sampling 200 random directions...
      [17:52:06] 50/200 dirs, 0 revival so far
      [17:52:10] 100/200 dirs, 0 revival so far
      [17:52:13] 150/200 dirs, 0 revival so far
      [17:52:16] 200/200 dirs, 0 revival so far
      Revival dim=0 < 2, skipping projected Lanczos

  [44/55] as/b5/S1234 (L*=0.4266, lambda_min=-1.1047)
      [17:52:16] Sampling 200 random directions...
      [17:52:20] 50/200 dirs, 0 revival so far
      [17:52:23] 100/200 dirs, 0 revival so far
      [17:52:27] 150/200 dirs, 0 revival so far
      [17:52:30] 200/200 dirs, 0 revival so far
      Revival dim=0 < 2, skipping projected Lanczos

  [45/55] as/b5/S0123 (L*=0.4293, lambda_min=-0.2659)
      [17:52:30] Sampling 200 random directions...
      [17:52:33] 50/200 dirs, 0 revival so far
      [17:52:37] 100/200 dirs, 0 revival so far
      [17:52:40] 150/200 dirs, 0 revival so far
      [17:52:44] 200/200 dirs, 0 revival so far
      Revival dim=0 < 2, skipping projected Lanczos

  [46/55] as/b5/S024 (L*=0.4906, lambda_min=-1.3387)
      [17:52:44] Sampling 200 random directions...
      [17:52:47] 50/200 dirs, 1 revival so far
      [17:52:50] 100/200 dirs, 7 revival so far
      [17:52:54] 150/200 dirs, 8 revival so far
      [17:52:57] 200/200 dirs, 11 revival so far
      [17:52:57] Running projected Lanczos (dim=11)...
      lambda_min_rev = -0.000401

  [47/55] as/b5/S4 (L*=0.6020, lambda_min=-3.2071)
      [17:53:04] Sampling 200 random directions...
      [17:53:07] 50/200 dirs, 0 revival so far
      [17:53:11] 100/200 dirs, 0 revival so far
      [17:53:14] 150/200 dirs, 0 revival so far
      [17:53:17] 200/200 dirs, 0 revival so far
      Revival dim=0 < 2, skipping projected Lanczos

  [48/55] as/b5/S34 (L*=0.6339, lambda_min=-2.0904)
      [17:53:17] Sampling 200 random directions...
      [17:53:21] 50/200 dirs, 0 revival so far
      [17:53:24] 100/200 dirs, 0 revival so far
      [17:53:27] 150/200 dirs, 0 revival so far
      [17:53:31] 200/200 dirs, 0 revival so far
      Revival dim=0 < 2, skipping projected Lanczos

  [49/55] asbs/b5/S124 (L*=0.4087, lambda_min=-1.1953)
      [17:53:31] Sampling 200 random directions...
      [17:53:34] 50/200 dirs, 0 revival so far
      [17:53:37] 100/200 dirs, 1 revival so far
      [17:53:41] 150/200 dirs, 1 revival so far
      [17:53:44] 200/200 dirs, 2 revival so far
      [17:53:44] Running projected Lanczos (dim=2)...
      lambda_min_rev = 0.000261

  [50/55] asbs/b5/S123 (L*=0.4093, lambda_min=-1.1539)
      [17:53:45] Sampling 200 random directions...
      [17:53:49] 50/200 dirs, 0 revival so far
      [17:53:52] 100/200 dirs, 1 revival so far
      [17:53:56] 150/200 dirs, 1 revival so far
      [17:53:59] 200/200 dirs, 1 revival so far
      Revival dim=1 < 2, skipping projected Lanczos

  [51/55] asbs/b5/S1234 (L*=0.4107, lambda_min=-1.2273)
      [17:53:59] Sampling 200 random directions...
      [17:54:02] 50/200 dirs, 2 revival so far
      [17:54:06] 100/200 dirs, 2 revival so far
      [17:54:09] 150/200 dirs, 2 revival so far
      [17:54:13] 200/200 dirs, 4 revival so far
      [17:54:13] Running projected Lanczos (dim=4)...
      lambda_min_rev = 0.000135

  [52/55] asbs/b5/S0123 (L*=0.4117, lambda_min=-1.5180)
      [17:54:15] Sampling 200 random directions...
      [17:54:19] 50/200 dirs, 0 revival so far
      [17:54:22] 100/200 dirs, 0 revival so far
      [17:54:25] 150/200 dirs, 0 revival so far
      [17:54:29] 200/200 dirs, 0 revival so far
      Revival dim=0 < 2, skipping projected Lanczos

  [53/55] asbs/b5/S0234 (L*=0.4956, lambda_min=-2.6993)
      [17:54:29] Sampling 200 random directions...
      [17:54:32] 50/200 dirs, 11 revival so far
      [17:54:36] 100/200 dirs, 18 revival so far
      [17:54:39] 150/200 dirs, 26 revival so far
      [17:54:42] 200/200 dirs, 34 revival so far
      [17:54:43] Running projected Lanczos (dim=34)...
      lambda_min_rev = -0.002155

  [54/55] asbs/b5/S3 (L*=0.5434, lambda_min=-123.4399)
      [17:55:00] Sampling 200 random directions...
      [17:55:04] 50/200 dirs, 0 revival so far
      [17:55:07] 100/200 dirs, 0 revival so far
      [17:55:11] 150/200 dirs, 0 revival so far
      [17:55:14] 200/200 dirs, 0 revival so far
      Revival dim=0 < 2, skipping projected Lanczos

  [55/55] asbs/b5/S34 (L*=0.6228, lambda_min=-48.6488)
      [17:55:14] Sampling 200 random directions...
      [17:55:17] 50/200 dirs, 0 revival so far
      [17:55:21] 100/200 dirs, 0 revival so far
      [17:55:24] 150/200 dirs, 0 revival so far
      [17:55:27] 200/200 dirs, 0 revival so far
      Revival dim=0 < 2, skipping projected Lanczos

[17:55:27] Saved: /home/sky/SML/SOC_MC/evaluation/tables/goal3_revival_projection.csv (55 rows)
  Figure saved: /home/sky/SML/SOC_MC/evaluation/figures/goal3_loss_vs_lambda_min_rev.png

============================================================
STAGE 3 SUMMARY
============================================================
  Checkpoints with revival subspace (dim>=2): 4/55
  Checkpoints without revival subspace: 51/55
  Revival dim: mean=12.8, max=34
  Negative lambda_min_rev: 2/4

[17:55:28] Done.
2026-04-18 17:55:28 === Stage 3 Complete ===

2026-04-18 17:55:28 === Starting Goal 3 Stage 4 ===
[17:55:30] Device: cuda
============================================================
GOAL 3 STAGE 4: FIVE-TERM DECOMPOSITION
============================================================
Checkpoints: 55

  [1/55] as/w5/S2 (L*=0.3631, lambda_min=-2.2729)
      [17:55:30] Computing total v^T H v (finite diff)...
      total_vHv = -145.482123, L0 = 0.398987
      [17:55:32] Computing P1 (5000 trajectories)...
      P1 = 0.052962

  [2/55] as/w5/S1 (L*=0.3745, lambda_min=-9.5725)
      [17:55:35] Computing total v^T H v (finite diff)...
      total_vHv = -146.563500, L0 = 0.431446
      [17:55:37] Computing P1 (5000 trajectories)...
      P1 = 0.106876

  [3/55] as/w5/S0 (L*=0.4177, lambda_min=-4.3458)
      [17:55:40] Computing total v^T H v (finite diff)...
      total_vHv = 321.068019, L0 = 0.396182
      [17:55:42] Computing P1 (5000 trajectories)...
      P1 = 0.123497

  [4/55] as/w5/S14 (L*=0.6271, lambda_min=-1.7546)
      [17:55:45] Computing total v^T H v (finite diff)...
      total_vHv = 46.139546, L0 = 0.642882
      [17:55:46] Computing P1 (5000 trajectories)...
      P1 = 0.019913

  [5/55] as/w5/S24 (L*=0.6359, lambda_min=-2.2687)
      [17:55:49] Computing total v^T H v (finite diff)...
      total_vHv = -430.801325, L0 = 0.607288
      [17:55:51] Computing P1 (5000 trajectories)...
      P1 = 0.027773

  [6/55] as/w5/S014 (L*=0.6361, lambda_min=-3.7570)
      [17:55:54] Computing total v^T H v (finite diff)...
      total_vHv = -959.967673, L0 = 0.650686
      [17:55:56] Computing P1 (5000 trajectories)...
      P1 = 0.048638

  [7/55] as/w5/S03 (L*=0.6368, lambda_min=-1.7137)
      [17:55:59] Computing total v^T H v (finite diff)...
      total_vHv = -1345.759146, L0 = 0.674135
      [17:56:00] Computing P1 (5000 trajectories)...
      P1 = 0.049116

  [8/55] as/w5/S23 (L*=1.4018, lambda_min=-6.2973)
      [17:56:04] Computing total v^T H v (finite diff)...
      total_vHv = 692.155659, L0 = 1.177665
      [17:56:05] Computing P1 (5000 trajectories)...
      P1 = 0.128779

  [9/55] as/w5/S1234 (L*=1.4561, lambda_min=-2.5741)
      [17:56:08] Computing total v^T H v (finite diff)...
      total_vHv = 1019.983292, L0 = 1.319720
      [17:56:10] Computing P1 (5000 trajectories)...
      P1 = 0.071417

  [10/55] as/w5/S023 (L*=1.5055, lambda_min=-2.2991)
      [17:56:13] Computing total v^T H v (finite diff)...
      total_vHv = -1085.625589, L0 = 1.451521
      [17:56:15] Computing P1 (5000 trajectories)...
      P1 = 0.097690

  [11/55] asbs/w5/S4 (L*=0.3734, lambda_min=-38.1807)
      [17:56:18] Computing total v^T H v (finite diff)...
      total_vHv = 341.598094, L0 = 0.881858
      [17:56:20] Computing P1 (5000 trajectories)...
      P1 = 0.312538

  [12/55] asbs/w5/S3 (L*=0.3902, lambda_min=-31.3893)
      [17:56:23] Computing total v^T H v (finite diff)...
      total_vHv = 298.519507, L0 = 0.782128
      [17:56:24] Computing P1 (5000 trajectories)...
      P1 = 0.107794

  [13/55] asbs/w5/S2 (L*=0.3971, lambda_min=-32.0906)
      [17:56:28] Computing total v^T H v (finite diff)...
      total_vHv = -30.583218, L0 = 0.828269
      [17:56:29] Computing P1 (5000 trajectories)...
      P1 = 0.331344

  [14/55] asbs/w5/S012 (L*=0.5911, lambda_min=-16.0058)
      [17:56:33] Computing total v^T H v (finite diff)...
      total_vHv = -556.841865, L0 = 1.103965
      [17:56:35] Computing P1 (5000 trajectories)...
      P1 = 0.039251

  [15/55] asbs/w5/S014 (L*=0.5947, lambda_min=-19.5982)
      [17:56:38] Computing total v^T H v (finite diff)...
      total_vHv = -403.478518, L0 = 1.107105
      [17:56:40] Computing P1 (5000 trajectories)...
      P1 = 0.057141

  [16/55] asbs/w5/S0134 (L*=0.6064, lambda_min=-13.0394)
      [17:56:43] Computing total v^T H v (finite diff)...
      total_vHv = -80.663711, L0 = 0.979127
      [17:56:45] Computing P1 (5000 trajectories)...
      P1 = 0.056278

  [17/55] asbs/w5/S04 (L*=0.6421, lambda_min=-35.5486)
      [17:56:48] Computing total v^T H v (finite diff)...
      total_vHv = -1140.448302, L0 = 1.088182
      [17:56:50] Computing P1 (5000 trajectories)...
      P1 = 0.272391

  [18/55] asbs/w5/S0234 (L*=1.1900, lambda_min=-17.2509)
      [17:56:53] Computing total v^T H v (finite diff)...
      total_vHv = -1606.873423, L0 = 1.622746
      [17:56:55] Computing P1 (5000 trajectories)...
      P1 = 0.085193

  [19/55] asbs/w5/S1234 (L*=1.2080, lambda_min=-16.1048)
      [17:56:58] Computing total v^T H v (finite diff)...
      total_vHv = 279.922783, L0 = 1.660582
      [17:57:00] Computing P1 (5000 trajectories)...
      P1 = 0.132697

  [20/55] asbs/w5/S23 (L*=2.1536, lambda_min=-43.1008)
      [17:57:03] Computing total v^T H v (finite diff)...
      total_vHv = 138.719976, L0 = 2.734505
      [17:57:05] Computing P1 (5000 trajectories)...
      P1 = 1.036760

  [21/55] as/c5/S2 (L*=0.3631, lambda_min=-2.3716)
      [17:57:08] Computing total v^T H v (finite diff)...
      total_vHv = -137.602538, L0 = 0.404202
      [17:57:09] Computing P1 (5000 trajectories)...
      P1 = 0.052117

  [22/55] as/c5/S1 (L*=0.3745, lambda_min=-9.5667)
      [17:57:13] Computing total v^T H v (finite diff)...
      total_vHv = 79.262406, L0 = 0.420093
      [17:57:14] Computing P1 (5000 trajectories)...
      P1 = 0.105684

  [23/55] as/c5/S0 (L*=0.4177, lambda_min=-4.6642)
      [17:57:17] Computing total v^T H v (finite diff)...
      total_vHv = -394.300856, L0 = 0.431067
      [17:57:19] Computing P1 (5000 trajectories)...
      P1 = 0.137456

  [24/55] as/c5/S013 (L*=0.5924, lambda_min=-3.9054)
      [17:57:22] Computing total v^T H v (finite diff)...
      total_vHv = -592.564195, L0 = 0.669062
      [17:57:24] Computing P1 (5000 trajectories)...
      P1 = 0.049664

  [25/55] as/c5/S123 (L*=0.5930, lambda_min=-1.1953)
      [17:57:27] Computing total v^T H v (finite diff)...
      total_vHv = 96.680745, L0 = 0.604833
      [17:57:29] Computing P1 (5000 trajectories)...
      P1 = 0.040794

  [26/55] as/c5/S014 (L*=0.5933, lambda_min=-6.7096)
      [17:57:32] Computing total v^T H v (finite diff)...
      total_vHv = -179.638341, L0 = 0.621984
      [17:57:33] Computing P1 (5000 trajectories)...
      P1 = 0.131947

  [27/55] as/c5/S1234 (L*=0.5936, lambda_min=-1.0404)
      [17:57:37] Computing total v^T H v (finite diff)...
      total_vHv = 173.969939, L0 = 0.614672
      [17:57:38] Computing P1 (5000 trajectories)...
      P1 = 0.035125

  [28/55] as/c5/S4 (L*=51.4177, lambda_min=-351.6991)
      [17:57:41] Computing total v^T H v (finite diff)...
      total_vHv = 10695.686340, L0 = 51.022454
      [17:57:43] Computing P1 (5000 trajectories)...
      P1 = 1.548207

  [29/55] as/c5/S3 (L*=89.9712, lambda_min=-162.7525)
      [17:57:46] Computing total v^T H v (finite diff)...
      total_vHv = -6623.516083, L0 = 87.384662
      [17:57:48] Computing P1 (5000 trajectories)...
      P1 = 1.644769

  [30/55] as/c5/S34 (L*=1570.8945, lambda_min=-306.8571)
      [17:57:51] Computing total v^T H v (finite diff)...
      total_vHv = 35134.449005, L0 = 51.107967
      [17:57:53] Computing P1 (5000 trajectories)...
      P1 = 4.325336

  [31/55] asbs/c5/S2 (L*=0.3971, lambda_min=-32.2149)
      [17:57:56] Computing total v^T H v (finite diff)...
      total_vHv = 287.032574, L0 = 0.818934
      [17:57:58] Computing P1 (5000 trajectories)...
      P1 = 0.322022

  [32/55] asbs/c5/S1 (L*=0.4184, lambda_min=-41.5231)
      [17:58:01] Computing total v^T H v (finite diff)...
      total_vHv = -405.089483, L0 = 0.951049
      [17:58:02] Computing P1 (5000 trajectories)...
      P1 = 0.555752

  [33/55] asbs/c5/S0 (L*=0.4248, lambda_min=-40.9878)
      [17:58:06] Computing total v^T H v (finite diff)...
      total_vHv = -800.451934, L0 = 0.857130
      [17:58:07] Computing P1 (5000 trajectories)...
      P1 = 0.278618

  [34/55] asbs/c5/S1234 (L*=0.5420, lambda_min=-28.6497)
      [17:58:11] Computing total v^T H v (finite diff)...
      total_vHv = -983.297378, L0 = 1.081804
      [17:58:12] Computing P1 (5000 trajectories)...
      P1 = 0.064909

  [35/55] asbs/c5/S124 (L*=0.5435, lambda_min=-25.2118)
      [17:58:15] Computing total v^T H v (finite diff)...
      total_vHv = -672.287270, L0 = 1.083541
      [17:58:17] Computing P1 (5000 trajectories)...
      P1 = 0.053710

  [36/55] asbs/c5/S12 (L*=0.5683, lambda_min=-29.8599)
      [17:58:20] Computing total v^T H v (finite diff)...
      total_vHv = -288.043171, L0 = 1.063084
      [17:58:22] Computing P1 (5000 trajectories)...
      P1 = 0.061682

  [37/55] asbs/c5/S0123 (L*=0.5798, lambda_min=-14.5607)
      [17:58:25] Computing total v^T H v (finite diff)...
      total_vHv = 770.005733, L0 = 1.023316
      [17:58:27] Computing P1 (5000 trajectories)...
      P1 = 0.057290

  [38/55] asbs/c5/S34 (L*=50.0355, lambda_min=-247.9976)
      [17:58:30] Computing total v^T H v (finite diff)...
      total_vHv = -31691.718102, L0 = 51.979008
      [17:58:32] Computing P1 (5000 trajectories)...
      P1 = 3.441116

  [39/55] asbs/c5/S4 (L*=51.1068, lambda_min=-133.0177)
      [17:58:35] Computing total v^T H v (finite diff)...
      total_vHv = -24630.422592, L0 = 50.525172
      [17:58:37] Computing P1 (5000 trajectories)...
      P1 = 2.706118

  [40/55] asbs/c5/S3 (L*=90.8883, lambda_min=-99.2648)
      [17:58:40] Computing total v^T H v (finite diff)...
      total_vHv = -22080.001831, L0 = 89.186327
      [17:58:42] Computing P1 (5000 trajectories)...
      P1 = 0.943277

  [41/55] as/b5/S3 (L*=0.4332, lambda_min=-2.5643)
      [17:58:45] Computing total v^T H v (finite diff)...
      total_vHv = 485.201403, L0 = 0.505473
      [17:58:46] Computing P1 (5000 trajectories)...
      P1 = 0.148336

  [42/55] as/b5/S12 (L*=0.4202, lambda_min=-1.1417)
      [17:58:49] Computing total v^T H v (finite diff)...
      total_vHv = 137.183070, L0 = 0.501009
      [17:58:51] Computing P1 (5000 trajectories)...
      P1 = 0.159582

  [43/55] as/b5/S124 (L*=0.4247, lambda_min=-1.1039)
      [17:58:54] Computing total v^T H v (finite diff)...
      total_vHv = 267.620608, L0 = 0.512721
      [17:58:56] Computing P1 (5000 trajectories)...
      P1 = 0.127054

  [44/55] as/b5/S1234 (L*=0.4266, lambda_min=-1.1047)
      [17:58:59] Computing total v^T H v (finite diff)...
      total_vHv = 447.493233, L0 = 0.503943
      [17:59:01] Computing P1 (5000 trajectories)...
      P1 = 0.139777

  [45/55] as/b5/S0123 (L*=0.4293, lambda_min=-0.2659)
      [17:59:04] Computing total v^T H v (finite diff)...
      total_vHv = -347.289667, L0 = 0.440412
      [17:59:05] Computing P1 (5000 trajectories)...
      P1 = 0.009111

  [46/55] as/b5/S024 (L*=0.4906, lambda_min=-1.3387)
      [17:59:08] Computing total v^T H v (finite diff)...
      total_vHv = 320.169553, L0 = 0.383668
      [17:59:10] Computing P1 (5000 trajectories)...
      P1 = 0.035292

  [47/55] as/b5/S4 (L*=0.6020, lambda_min=-3.2071)
      [17:59:13] Computing total v^T H v (finite diff)...
      total_vHv = 669.312254, L0 = 0.426532
      [17:59:15] Computing P1 (5000 trajectories)...
      P1 = 0.351712

  [48/55] as/b5/S34 (L*=0.6339, lambda_min=-2.0904)
      [17:59:18] Computing total v^T H v (finite diff)...
      total_vHv = 207.984746, L0 = 0.586303
      [17:59:20] Computing P1 (5000 trajectories)...
      P1 = 0.045315

  [49/55] asbs/b5/S124 (L*=0.4087, lambda_min=-1.1953)
      [17:59:23] Computing total v^T H v (finite diff)...
      total_vHv = 426.694900, L0 = 0.542628
      [17:59:24] Computing P1 (5000 trajectories)...
      P1 = 0.116200

  [50/55] asbs/b5/S123 (L*=0.4093, lambda_min=-1.1539)
      [17:59:28] Computing total v^T H v (finite diff)...
      total_vHv = 303.552523, L0 = 0.542543
      [17:59:29] Computing P1 (5000 trajectories)...
      P1 = 0.104910

  [51/55] asbs/b5/S1234 (L*=0.4107, lambda_min=-1.2273)
      [17:59:33] Computing total v^T H v (finite diff)...
      total_vHv = -156.535879, L0 = 0.568345
      [17:59:34] Computing P1 (5000 trajectories)...
      P1 = 0.112123

  [52/55] asbs/b5/S0123 (L*=0.4117, lambda_min=-1.5180)
      [17:59:38] Computing total v^T H v (finite diff)...
      total_vHv = 177.344121, L0 = 0.509062
      [17:59:39] Computing P1 (5000 trajectories)...
      P1 = 0.009775

  [53/55] asbs/b5/S0234 (L*=0.4956, lambda_min=-2.6993)
      [17:59:42] Computing total v^T H v (finite diff)...
      total_vHv = 103.560798, L0 = 0.505723
      [17:59:44] Computing P1 (5000 trajectories)...
      P1 = 0.085148

  [54/55] asbs/b5/S3 (L*=0.5434, lambda_min=-123.4399)
      [17:59:47] Computing total v^T H v (finite diff)...
      total_vHv = -493.675023, L0 = 1.659505
      [17:59:49] Computing P1 (5000 trajectories)...
      P1 = 0.386472

  [55/55] asbs/b5/S34 (L*=0.6228, lambda_min=-48.6488)
      [17:59:52] Computing total v^T H v (finite diff)...
      total_vHv = -1119.799614, L0 = 1.590134
      [17:59:54] Computing P1 (5000 trajectories)...
      P1 = 0.158682

[17:59:57] Saved: /home/sky/SML/SOC_MC/evaluation/tables/goal3_decomposition.csv (55 rows)
  Figure saved: /home/sky/SML/SOC_MC/evaluation/figures/goal3_decomposition_bar.png

============================================================
STAGE 4 SUMMARY
============================================================
  Total checkpoints: 55
  P1 fraction: mean=0.001, median=0.000
  P1 > |total|: 0/55
  stable: P1_frac mean=0.001, remainder mean=-2523.2425
  unstable: P1_frac mean=0.000, remainder mean=-71.9629

[17:59:57] Done.
2026-04-18 17:59:58 === Stage 4 Complete ===

2026-04-18 17:59:58 === ALL DONE ===
