[18:33:08] Device: cuda
============================================================
GOAL 4: L5 CONSEQUENCE TEST
============================================================
Checkpoints from goal3: 55
Config: N_DIR=200, eps=0.05, N_TRAJ=1000, N_EVAL=10000, dead_thresh=0.005

  [1/55] as/w5/S2
      alpha_base=['0.000', '0.000', '1.000', '0.000', '0.000'], dead_modes=[0, 1, 3, 4]
      [18:33:42] dir 50/200
      [18:34:16] dir 100/200
      [18:34:50] dir 150/200
      [18:35:24] dir 200/200
      Revivals: 0/200

  [2/55] as/w5/S1
      alpha_base=['0.000', '1.000', '0.000', '0.000', '0.000'], dead_modes=[0, 2, 3, 4]
      [18:35:59] dir 50/200
      [18:36:33] dir 100/200
      [18:37:07] dir 150/200
      [18:37:41] dir 200/200
      Revivals: 0/200

  [3/55] as/w5/S0
      alpha_base=['1.000', '0.000', '0.000', '0.000', '0.000'], dead_modes=[1, 2, 3, 4]
      [18:38:16] dir 50/200
      [18:38:50] dir 100/200
      [18:39:24] dir 150/200
      [18:39:59] dir 200/200
      Revivals: 0/200

  [4/55] as/w5/S14
      alpha_base=['0.001', '0.492', '0.001', '0.001', '0.506'], dead_modes=[0, 2, 3]
      [18:40:33] dir 50/200
      [18:41:07] dir 100/200
      [18:41:42] dir 150/200
      [18:42:16] dir 200/200
      Revivals: 0/200

  [5/55] as/w5/S24
      alpha_base=['0.001', '0.000', '0.474', '0.002', '0.523'], dead_modes=[0, 1, 3]
      [18:42:50] dir 50/200
      [18:43:24] dir 100/200
      [18:43:58] dir 150/200
      [18:44:33] dir 200/200
      Revivals: 0/200

  [6/55] as/w5/S014
      alpha_base=['0.227', '0.366', '0.000', '0.000', '0.407'], dead_modes=[2, 3]
      [18:45:08] dir 50/200
      [18:45:42] dir 100/200
      [18:46:16] dir 150/200
      [18:46:51] dir 200/200
      Revivals: 0/200

  [7/55] as/w5/S03
      alpha_base=['0.472', '0.001', '0.001', '0.525', '0.002'], dead_modes=[1, 2, 4]
      [18:47:25] dir 50/200
      [18:47:59] dir 100/200
      [18:48:34] dir 150/200
      [18:49:08] dir 200/200
      Revivals: 0/200

  [8/55] as/w5/S23
      alpha_base=['0.000', '0.000', '0.520', '0.480', '0.000'], dead_modes=[0, 1, 4]
      [18:49:42] dir 50/200
      [18:50:17] dir 100/200
      [18:50:51] dir 150/200
      [18:51:25] dir 200/200
      Revivals: 0/200

  [9/55] as/w5/S1234
      alpha_base=['0.000', '0.292', '0.212', '0.279', '0.217'], dead_modes=[0]
      [18:52:00] dir 50/200
      [18:52:34] dir 100/200
      [18:53:08] dir 150/200
      [18:53:43] dir 200/200
      Revivals: 0/200

  [10/55] as/w5/S023
      alpha_base=['0.399', '0.001', '0.077', '0.522', '0.001'], dead_modes=[1, 4]
      [18:54:17] dir 50/200
      [18:54:52] dir 100/200
      [18:55:26] dir 150/200
      [18:56:01] dir 200/200
      Revivals: 0/200

  [11/55] asbs/w5/S4
      alpha_base=['0.000', '0.000', '0.000', '0.000', '1.000'], dead_modes=[0, 1, 2, 3]
      [18:56:35] dir 50/200
      [18:57:09] dir 100/200
      [18:57:44] dir 150/200
      [18:58:18] dir 200/200
      Revivals: 0/200

  [12/55] asbs/w5/S3
      alpha_base=['0.000', '0.000', '0.000', '1.000', '0.000'], dead_modes=[0, 1, 2, 4]
      [18:58:53] dir 50/200
      [18:59:28] dir 100/200
      [19:00:03] dir 150/200
      [19:00:37] dir 200/200
      Revivals: 0/200

  [13/55] asbs/w5/S2
      alpha_base=['0.000', '0.000', '1.000', '0.000', '0.000'], dead_modes=[0, 1, 3, 4]
      [19:01:12] dir 50/200
      [19:01:47] dir 100/200
      [19:02:21] dir 150/200
      [19:02:56] dir 200/200
      Revivals: 0/200

  [14/55] asbs/w5/S012
      alpha_base=['0.312', '0.209', '0.479', '0.000', '0.000'], dead_modes=[3, 4]
      [19:03:31] dir 50/200
      [19:04:05] dir 100/200
      [19:04:39] dir 150/200
      [19:05:14] dir 200/200
      Revivals: 0/200

  [15/55] asbs/w5/S014
      alpha_base=['0.203', '0.366', '0.001', '0.000', '0.430'], dead_modes=[2, 3]
      [19:05:49] dir 50/200
      [19:06:23] dir 100/200
      [19:06:58] dir 150/200
      [19:07:32] dir 200/200
      Revivals: 0/200

  [16/55] asbs/w5/S0134
      alpha_base=['0.255', '0.197', '0.000', '0.250', '0.298'], dead_modes=[2]
      [19:08:07] dir 50/200
      [19:08:42] dir 100/200
      [19:09:16] dir 150/200
      [19:09:51] dir 200/200
      Revivals: 0/200

  [17/55] asbs/w5/S04
      alpha_base=['0.469', '0.000', '0.000', '0.000', '0.531'], dead_modes=[1, 2, 3]
      [19:10:26] dir 50/200
      [19:11:00] dir 100/200
      [19:11:35] dir 150/200
      [19:12:09] dir 200/200
      Revivals: 0/200

  [18/55] asbs/w5/S0234
      alpha_base=['0.244', '0.001', '0.084', '0.366', '0.305'], dead_modes=[1]
      [19:12:44] dir 50/200
      [19:13:18] dir 100/200
      [19:13:53] dir 150/200
      [19:14:28] dir 200/200
      Revivals: 0/200

  [19/55] asbs/w5/S1234
      alpha_base=['0.000', '0.346', '0.064', '0.360', '0.230'], dead_modes=[0]
      [19:15:03] dir 50/200
      [19:15:37] dir 100/200
      [19:16:12] dir 150/200
      [19:16:47] dir 200/200
      Revivals: 0/200

  [20/55] asbs/w5/S23
      alpha_base=['0.000', '0.000', '0.292', '0.708', '0.000'], dead_modes=[0, 1, 4]
      [19:17:21] dir 50/200
      [19:17:56] dir 100/200
      [19:18:31] dir 150/200
      [19:19:05] dir 200/200
      Revivals: 0/200

  [21/55] as/c5/S2
      alpha_base=['0.000', '0.000', '1.000', '0.000', '0.000'], dead_modes=[0, 1, 3, 4]
      [19:19:40] dir 50/200
      [19:20:15] dir 100/200
      [19:20:50] dir 150/200
      [19:21:25] dir 200/200
      Revivals: 0/200

  [22/55] as/c5/S1
      alpha_base=['0.000', '1.000', '0.000', '0.000', '0.000'], dead_modes=[0, 2, 3, 4]
      [19:21:59] dir 50/200
      [19:22:34] dir 100/200
      [19:23:08] dir 150/200
      [19:23:43] dir 200/200
      Revivals: 0/200

  [23/55] as/c5/S0
      alpha_base=['0.999', '0.000', '0.000', '0.000', '0.000'], dead_modes=[1, 2, 3, 4]
      [19:24:17] dir 50/200
      [19:24:51] dir 100/200
      [19:25:25] dir 150/200
      [19:26:00] dir 200/200
      Revivals: 0/200

  [24/55] as/c5/S013
      alpha_base=['0.421', '0.579', '0.000', '0.000', '0.000'], dead_modes=[2, 3, 4]
      [19:26:34] dir 50/200
      [19:27:08] dir 100/200
      [19:27:43] dir 150/200
      [19:28:17] dir 200/200
      Revivals: 0/200

  [25/55] as/c5/S123
      alpha_base=['0.000', '0.373', '0.626', '0.000', '0.000'], dead_modes=[0, 3, 4]
      [19:28:52] dir 50/200
      [19:29:27] dir 100/200
      [19:30:02] dir 150/200
      [19:30:37] dir 200/200
      Revivals: 0/200

  [26/55] as/c5/S014
      alpha_base=['0.480', '0.520', '0.000', '0.000', '0.000'], dead_modes=[2, 3, 4]
      [19:31:12] dir 50/200
      [19:31:46] dir 100/200
      [19:32:20] dir 150/200
      [19:32:55] dir 200/200
      Revivals: 0/200

  [27/55] as/c5/S1234
      alpha_base=['0.000', '0.373', '0.627', '0.000', '0.000'], dead_modes=[0, 3, 4]
      [19:33:29] dir 50/200
      [19:34:04] dir 100/200
      [19:34:39] dir 150/200
      [19:35:13] dir 200/200
      Revivals: 0/200

  [28/55] as/c5/S4
      alpha_base=['0.000', '0.000', '0.000', '0.000', '1.000'], dead_modes=[0, 1, 2, 3]
      [19:35:47] dir 50/200
      [19:36:22] dir 100/200
      [19:36:56] dir 150/200
      [19:37:31] dir 200/200
      Revivals: 0/200

  [29/55] as/c5/S3
      alpha_base=['0.000', '0.000', '0.000', '1.000', '0.000'], dead_modes=[0, 1, 2, 4]
      [19:38:05] dir 50/200
      [19:38:40] dir 100/200
      [19:39:14] dir 150/200
      [19:39:48] dir 200/200
      Revivals: 0/200

  [30/55] as/c5/S34
      alpha_base=['0.000', '0.000', '0.000', '0.001', '0.999'], dead_modes=[0, 1, 2, 3]
      [19:40:23] dir 50/200
      [19:40:57] dir 100/200
      [19:41:31] dir 150/200
      [19:42:05] dir 200/200
      Revivals: 0/200

  [31/55] asbs/c5/S2
      alpha_base=['0.000', '0.000', '1.000', '0.000', '0.000'], dead_modes=[0, 1, 3, 4]
      [19:42:40] dir 50/200
      [19:43:14] dir 100/200
      [19:43:49] dir 150/200
      [19:44:24] dir 200/200
      Revivals: 0/200

  [32/55] asbs/c5/S1
      alpha_base=['0.000', '1.000', '0.000', '0.000', '0.000'], dead_modes=[0, 2, 3, 4]
      [19:44:59] dir 50/200
      [19:45:34] dir 100/200
      [19:46:08] dir 150/200
      [19:46:43] dir 200/200
      Revivals: 0/200

  [33/55] asbs/c5/S0
      alpha_base=['1.000', '0.000', '0.000', '0.000', '0.000'], dead_modes=[1, 2, 3, 4]
      [19:47:18] dir 50/200
      [19:47:52] dir 100/200
      [19:48:26] dir 150/200
      [19:49:01] dir 200/200
      Revivals: 0/200

  [34/55] asbs/c5/S1234
      alpha_base=['0.000', '0.359', '0.641', '0.001', '0.000'], dead_modes=[0, 3, 4]
      [19:49:37] dir 50/200
      [19:50:12] dir 100/200
      [19:50:46] dir 150/200
      [19:51:21] dir 200/200
      Revivals: 0/200

  [35/55] asbs/c5/S124
      alpha_base=['0.000', '0.384', '0.615', '0.000', '0.000'], dead_modes=[0, 3, 4]
      [19:51:56] dir 50/200
      [19:52:30] dir 100/200
      [19:53:05] dir 150/200
      [19:53:40] dir 200/200
      Revivals: 0/200

  [36/55] asbs/c5/S12
      alpha_base=['0.000', '0.350', '0.650', '0.000', '0.000'], dead_modes=[0, 3, 4]
      [19:54:14] dir 50/200
      [19:54:50] dir 100/200
      [19:55:24] dir 150/200
      [19:55:59] dir 200/200
      Revivals: 0/200

  [37/55] asbs/c5/S0123
      alpha_base=['0.298', '0.207', '0.494', '0.000', '0.000'], dead_modes=[3, 4]
      [19:56:34] dir 50/200
      [19:57:09] dir 100/200
      [19:57:44] dir 150/200
      [19:58:18] dir 200/200
      Revivals: 0/200

  [38/55] asbs/c5/S34
      alpha_base=['0.000', '0.000', '0.000', '0.000', '1.000'], dead_modes=[0, 1, 2, 3]
      [19:58:53] dir 50/200
      [19:59:28] dir 100/200
      [20:00:02] dir 150/200
      [20:00:38] dir 200/200
      Revivals: 0/200

  [39/55] asbs/c5/S4
      alpha_base=['0.000', '0.000', '0.000', '0.000', '1.000'], dead_modes=[0, 1, 2, 3]
      [20:01:13] dir 50/200
      [20:01:48] dir 100/200
      [20:02:23] dir 150/200
      [20:02:57] dir 200/200
      Revivals: 0/200

  [40/55] asbs/c5/S3
      alpha_base=['0.000', '0.000', '0.000', '1.000', '0.000'], dead_modes=[0, 1, 2, 4]
      [20:03:32] dir 50/200
      [20:04:07] dir 100/200
      [20:04:42] dir 150/200
      [20:05:16] dir 200/200
      Revivals: 0/200

  [41/55] as/b5/S3
      alpha_base=['0.001', '0.001', '0.000', '0.998', '0.000'], dead_modes=[0, 1, 2, 4]
      [20:05:51] dir 50/200
      [20:06:25] dir 100/200
      [20:06:59] dir 150/200
      [20:07:33] dir 200/200
      Revivals: 0/200

  [42/55] as/b5/S12
      alpha_base=['0.021', '0.539', '0.440', '0.000', '0.000'], dead_modes=[3, 4]
      [20:08:07] dir 50/200
      [20:08:42] dir 100/200
      [20:09:16] dir 150/200
      [20:09:51] dir 200/200
      Revivals: 0/200

  [43/55] as/b5/S124
      alpha_base=['0.021', '0.540', '0.439', '0.000', '0.000'], dead_modes=[3, 4]
      [20:10:25] dir 50/200
      [20:10:59] dir 100/200
      [20:11:34] dir 150/200
      [20:12:08] dir 200/200
      Revivals: 0/200

  [44/55] as/b5/S1234
      alpha_base=['0.022', '0.546', '0.433', '0.000', '0.000'], dead_modes=[3, 4]
      [20:12:42] dir 50/200
      [20:13:16] dir 100/200
      [20:13:51] dir 150/200
      [20:14:25] dir 200/200
      Revivals: 0/200

  [45/55] as/b5/S0123
      alpha_base=['0.417', '0.243', '0.340', '0.000', '0.000'], dead_modes=[3, 4]
      [20:15:00] dir 50/200
      [20:15:34] dir 100/200
      [20:16:09] dir 150/200
      [20:16:43] dir 200/200
      Revivals: 0/200

  [46/55] as/b5/S024
      alpha_base=['0.480', '0.050', '0.470', '0.000', '0.000'], dead_modes=[3, 4]
      [20:17:17] dir 50/200
      [20:17:52] dir 100/200
      [20:18:26] dir 150/200
      [20:19:00] dir 200/200
      Revivals: 0/200

  [47/55] as/b5/S4
      alpha_base=['0.000', '0.001', '0.000', '0.000', '0.998'], dead_modes=[0, 1, 2, 3]
      [20:19:35] dir 50/200
      [20:20:10] dir 100/200
      [20:20:45] dir 150/200
      [20:21:19] dir 200/200
      Revivals: 0/200

  [48/55] as/b5/S34
      alpha_base=['0.000', '0.001', '0.000', '0.447', '0.551'], dead_modes=[0, 1, 2]
      [20:21:54] dir 50/200
      [20:22:29] dir 100/200
      [20:23:03] dir 150/200
      [20:23:37] dir 200/200
      Revivals: 0/200

  [49/55] asbs/b5/S124
      alpha_base=['0.023', '0.557', '0.420', '0.000', '0.000'], dead_modes=[3, 4]
      [20:24:12] dir 50/200
      [20:24:47] dir 100/200
      [20:25:22] dir 150/200
      [20:25:56] dir 200/200
      Revivals: 0/200

  [50/55] asbs/b5/S123
      alpha_base=['0.023', '0.534', '0.444', '0.000', '0.000'], dead_modes=[3, 4]
      [20:26:31] dir 50/200
      [20:27:05] dir 100/200
      [20:27:40] dir 150/200
      [20:28:15] dir 200/200
      Revivals: 0/200

  [51/55] asbs/b5/S1234
      alpha_base=['0.022', '0.546', '0.432', '0.000', '0.000'], dead_modes=[3, 4]
      [20:28:49] dir 50/200
      [20:29:24] dir 100/200
      [20:29:59] dir 150/200
      [20:30:33] dir 200/200
      Revivals: 0/200

  [52/55] asbs/b5/S0123
      alpha_base=['0.420', '0.246', '0.334', '0.000', '0.000'], dead_modes=[3, 4]
      [20:31:08] dir 50/200
      [20:31:43] dir 100/200
      [20:32:19] dir 150/200
      [20:32:54] dir 200/200
      Revivals: 0/200

  [53/55] asbs/b5/S0234
      alpha_base=['0.514', '0.053', '0.433', '0.000', '0.000'], dead_modes=[3, 4]
      [20:33:29] dir 50/200
      [20:34:04] dir 100/200
      [20:34:38] dir 150/200
      [20:35:13] dir 200/200
      Revivals: 0/200

  [54/55] asbs/b5/S3
      alpha_base=['0.000', '0.001', '0.000', '0.998', '0.000'], dead_modes=[0, 1, 2, 4]
      [20:35:48] dir 50/200
      [20:36:22] dir 100/200
      [20:36:57] dir 150/200
      [20:37:32] dir 200/200
      Revivals: 0/200

  [55/55] asbs/b5/S34
      alpha_base=['0.001', '0.002', '0.000', '0.384', '0.613'], dead_modes=[0, 1, 2]
      [20:38:06] dir 50/200
      [20:38:41] dir 100/200
      [20:39:15] dir 150/200
      [20:39:50] dir 200/200
      Revivals: 0/200

[20:39:51] Saved: /home/sky/SML/SOC_MC/evaluation/tables/goal4_l5_results.csv (11000 rows)
[20:39:51] Saved: /home/sky/SML/SOC_MC/evaluation/tables/goal4_summary.csv (55 rows)
  No revival directions for scatter plot
  No c_u_emp values for histogram
[20:39:51] Saved: /home/sky/SML/SOC_MC/evaluation/goal4_metrics.json

============================================================
GOAL 4 SUMMARY
============================================================
  Checkpoints processed: 55
  Checkpoints with revival: 0
  Total directions: 11000
  Revival directions: 0 (0.0%)
  No revival directions found — cannot compute c_u^emp

[20:39:51] Done.
